2024-10-17T02:17:56+00:00 DEBUG POST https://api-m.paypal.com/v1/oauth2/token?grant_type=client_credentials&response_type=client_token&intent=sdk_init&domains[]=localhost
Response Debug ID: dfa7bd1f7e36e
Response: Array
(
    [code] => 401
    [message] => Unauthorized
)

Response Body: {"error":"invalid_domain","error_description":"Domain format not valid"}

2024-10-17T02:17:56+00:00 ERROR [Error] Unknown error while connecting to PayPal. Status code: 0.
2024-10-17T02:17:56+00:00 DEBUG POST https://api-m.paypal.com/v1/oauth2/token?grant_type=client_credentials&response_type=client_token&intent=sdk_init&domains[]=localhost
Response Debug ID: 162382157297c
Response: Array
(
    [code] => 401
    [message] => Unauthorized
)

Response Body: {"error":"invalid_domain","error_description":"Domain format not valid"}

2024-10-17T02:17:56+00:00 ERROR [Error] Unknown error while connecting to PayPal. Status code: 0.
2024-10-17T02:17:57+00:00 DEBUG POST https://api-m.paypal.com/v1/oauth2/token?grant_type=client_credentials&response_type=client_token&intent=sdk_init&domains[]=localhost
Response Debug ID: e53b81c054b4d
Response: Array
(
    [code] => 401
    [message] => Unauthorized
)

Response Body: {"error":"invalid_domain","error_description":"Domain format not valid"}

2024-10-17T02:17:57+00:00 ERROR [Error] Unknown error while connecting to PayPal. Status code: 0.
2024-10-17T02:17:57+00:00 DEBUG POST https://api-m.paypal.com/v1/oauth2/token?grant_type=client_credentials&response_type=client_token&intent=sdk_init&domains[]=localhost
Response Debug ID: d924a23a23764
Response: Array
(
    [code] => 401
    [message] => Unauthorized
)

Response Body: {"error":"invalid_domain","error_description":"Domain format not valid"}

2024-10-17T02:17:57+00:00 ERROR [Error] Unknown error while connecting to PayPal. Status code: 0.
2024-10-17T02:17:58+00:00 DEBUG POST https://api-m.paypal.com/v1/oauth2/token?grant_type=client_credentials&response_type=client_token&intent=sdk_init&domains[]=localhost
Response Debug ID: c5a848bf4197d
Response: Array
(
    [code] => 401
    [message] => Unauthorized
)

Response Body: {"error":"invalid_domain","error_description":"Domain format not valid"}

2024-10-17T02:17:58+00:00 ERROR [Error] Unknown error while connecting to PayPal. Status code: 0.
2024-10-17T02:17:58+00:00 DEBUG POST https://api-m.paypal.com/v1/oauth2/token?grant_type=client_credentials&response_type=client_token&intent=sdk_init&domains[]=localhost
Response Debug ID: 703fd6d426ac6
Response: Array
(
    [code] => 401
    [message] => Unauthorized
)

Response Body: {"error":"invalid_domain","error_description":"Domain format not valid"}

2024-10-17T02:17:58+00:00 ERROR [Error] Unknown error while connecting to PayPal. Status code: 0.
2024-10-17T02:19:31+00:00 DEBUG POST https://api-m.paypal.com/v1/oauth2/token?grant_type=client_credentials&response_type=client_token&intent=sdk_init&domains[]=localhost
Response Debug ID: df99f92ff6dcf
Response: Array
(
    [code] => 401
    [message] => Unauthorized
)

Response Body: {"error":"invalid_domain","error_description":"Domain format not valid"}

2024-10-17T02:19:31+00:00 ERROR [Error] Unknown error while connecting to PayPal. Status code: 0.
2024-10-17T02:19:32+00:00 DEBUG POST https://api-m.paypal.com/v1/oauth2/token?grant_type=client_credentials&response_type=client_token&intent=sdk_init&domains[]=localhost
Response Debug ID: ada1e710d35fe
Response: Array
(
    [code] => 401
    [message] => Unauthorized
)

Response Body: {"error":"invalid_domain","error_description":"Domain format not valid"}

2024-10-17T02:19:32+00:00 ERROR [Error] Unknown error while connecting to PayPal. Status code: 0.
2024-10-17T02:19:32+00:00 DEBUG POST https://api-m.paypal.com/v1/oauth2/token?grant_type=client_credentials&response_type=client_token&intent=sdk_init&domains[]=localhost
Response Debug ID: bab1b379e28b9
Response: Array
(
    [code] => 401
    [message] => Unauthorized
)

Response Body: {"error":"invalid_domain","error_description":"Domain format not valid"}

2024-10-17T02:19:32+00:00 ERROR [Error] Unknown error while connecting to PayPal. Status code: 0.
2024-10-17T02:19:32+00:00 DEBUG POST https://api-m.paypal.com/v1/oauth2/token?grant_type=client_credentials&response_type=client_token&intent=sdk_init&domains[]=localhost
Response Debug ID: 495014064a0cc
Response: Array
(
    [code] => 401
    [message] => Unauthorized
)

Response Body: {"error":"invalid_domain","error_description":"Domain format not valid"}

2024-10-17T02:19:32+00:00 ERROR [Error] Unknown error while connecting to PayPal. Status code: 0.
2024-10-17T02:19:33+00:00 DEBUG POST https://api-m.paypal.com/v1/oauth2/token?grant_type=client_credentials&response_type=client_token&intent=sdk_init&domains[]=localhost
Response Debug ID: 7cc408716ed96
Response: Array
(
    [code] => 401
    [message] => Unauthorized
)

Response Body: {"error":"invalid_domain","error_description":"Domain format not valid"}

2024-10-17T02:19:33+00:00 ERROR [Error] Unknown error while connecting to PayPal. Status code: 0.
2024-10-17T02:19:33+00:00 DEBUG POST https://api-m.paypal.com/v1/oauth2/token?grant_type=client_credentials&response_type=client_token&intent=sdk_init&domains[]=localhost
Response Debug ID: 6e533efa82d21
Response: Array
(
    [code] => 401
    [message] => Unauthorized
)

Response Body: {"error":"invalid_domain","error_description":"Domain format not valid"}

2024-10-17T02:19:33+00:00 ERROR [Error] Unknown error while connecting to PayPal. Status code: 0.
2024-10-17T02:20:08+00:00 DEBUG POST https://api-m.paypal.com/v1/oauth2/token?grant_type=client_credentials&response_type=client_token&intent=sdk_init&domains[]=localhost
Response Debug ID: 555b11e04fb88
Response: Array
(
    [code] => 401
    [message] => Unauthorized
)

Response Body: {"error":"invalid_domain","error_description":"Domain format not valid"}

2024-10-17T02:20:08+00:00 ERROR [Error] Unknown error while connecting to PayPal. Status code: 0.
2024-10-17T02:20:09+00:00 DEBUG POST https://api-m.paypal.com/v1/oauth2/token?grant_type=client_credentials&response_type=client_token&intent=sdk_init&domains[]=localhost
Response Debug ID: a04d74118e1b5
Response: Array
(
    [code] => 401
    [message] => Unauthorized
)

Response Body: {"error":"invalid_domain","error_description":"Domain format not valid"}

2024-10-17T02:20:09+00:00 ERROR [Error] Unknown error while connecting to PayPal. Status code: 0.
2024-10-17T02:20:09+00:00 DEBUG POST https://api-m.paypal.com/v1/oauth2/token?grant_type=client_credentials&response_type=client_token&intent=sdk_init&domains[]=localhost
Response Debug ID: e60b142d75308
Response: Array
(
    [code] => 401
    [message] => Unauthorized
)

Response Body: {"error":"invalid_domain","error_description":"Domain format not valid"}

2024-10-17T02:20:09+00:00 ERROR [Error] Unknown error while connecting to PayPal. Status code: 0.
2024-10-17T02:20:10+00:00 DEBUG POST https://api-m.paypal.com/v1/oauth2/token?grant_type=client_credentials&response_type=client_token&intent=sdk_init&domains[]=localhost
Response Debug ID: 33f369f39961d
Response: Array
(
    [code] => 401
    [message] => Unauthorized
)

Response Body: {"error":"invalid_domain","error_description":"Domain format not valid"}

2024-10-17T02:20:10+00:00 ERROR [Error] Unknown error while connecting to PayPal. Status code: 0.
2024-10-17T02:20:10+00:00 DEBUG POST https://api-m.paypal.com/v1/oauth2/token?grant_type=client_credentials&response_type=client_token&intent=sdk_init&domains[]=localhost
Response Debug ID: 6535c70881144
Response: Array
(
    [code] => 401
    [message] => Unauthorized
)

Response Body: {"error":"invalid_domain","error_description":"Domain format not valid"}

2024-10-17T02:20:10+00:00 ERROR [Error] Unknown error while connecting to PayPal. Status code: 0.
2024-10-17T02:20:11+00:00 DEBUG POST https://api-m.paypal.com/v1/oauth2/token?grant_type=client_credentials&response_type=client_token&intent=sdk_init&domains[]=localhost
Response Debug ID: f7301bf06634f
Response: Array
(
    [code] => 401
    [message] => Unauthorized
)

Response Body: {"error":"invalid_domain","error_description":"Domain format not valid"}

2024-10-17T02:20:11+00:00 ERROR [Error] Unknown error while connecting to PayPal. Status code: 0.
2024-10-17T02:20:37+00:00 DEBUG POST https://api-m.paypal.com/v1/oauth2/token?grant_type=client_credentials&response_type=client_token&intent=sdk_init&domains[]=localhost
Response Debug ID: 044f08b94ece0
Response: Array
(
    [code] => 401
    [message] => Unauthorized
)

Response Body: {"error":"invalid_domain","error_description":"Domain format not valid"}

2024-10-17T02:20:37+00:00 ERROR [Error] Unknown error while connecting to PayPal. Status code: 0.
2024-10-17T02:20:37+00:00 DEBUG POST https://api-m.paypal.com/v1/oauth2/token?grant_type=client_credentials&response_type=client_token&intent=sdk_init&domains[]=localhost
Response Debug ID: b14765cf6328f
Response: Array
(
    [code] => 401
    [message] => Unauthorized
)

Response Body: {"error":"invalid_domain","error_description":"Domain format not valid"}

2024-10-17T02:20:37+00:00 ERROR [Error] Unknown error while connecting to PayPal. Status code: 0.
2024-10-17T02:20:37+00:00 DEBUG POST https://api-m.paypal.com/v1/oauth2/token?grant_type=client_credentials&response_type=client_token&intent=sdk_init&domains[]=localhost
Response Debug ID: 62d0a02c09941
Response: Array
(
    [code] => 401
    [message] => Unauthorized
)

Response Body: {"error":"invalid_domain","error_description":"Domain format not valid"}

2024-10-17T02:20:37+00:00 ERROR [Error] Unknown error while connecting to PayPal. Status code: 0.
2024-10-17T02:20:38+00:00 DEBUG POST https://api-m.paypal.com/v1/oauth2/token?grant_type=client_credentials&response_type=client_token&intent=sdk_init&domains[]=localhost
Response Debug ID: eac85ae4d961c
Response: Array
(
    [code] => 401
    [message] => Unauthorized
)

Response Body: {"error":"invalid_domain","error_description":"Domain format not valid"}

2024-10-17T02:20:38+00:00 ERROR [Error] Unknown error while connecting to PayPal. Status code: 0.
2024-10-17T02:20:38+00:00 DEBUG POST https://api-m.paypal.com/v1/oauth2/token?grant_type=client_credentials&response_type=client_token&intent=sdk_init&domains[]=localhost
Response Debug ID: 4eb18f296f120
Response: Array
(
    [code] => 401
    [message] => Unauthorized
)

Response Body: {"error":"invalid_domain","error_description":"Domain format not valid"}

2024-10-17T02:20:38+00:00 ERROR [Error] Unknown error while connecting to PayPal. Status code: 0.
2024-10-17T02:20:39+00:00 DEBUG POST https://api-m.paypal.com/v1/oauth2/token?grant_type=client_credentials&response_type=client_token&intent=sdk_init&domains[]=localhost
Response Debug ID: 3aa8453600fa1
Response: Array
(
    [code] => 401
    [message] => Unauthorized
)

Response Body: {"error":"invalid_domain","error_description":"Domain format not valid"}

2024-10-17T02:20:39+00:00 ERROR [Error] Unknown error while connecting to PayPal. Status code: 0.
2024-10-17T02:25:25+00:00 DEBUG POST https://api-m.paypal.com/v1/oauth2/token?grant_type=client_credentials&response_type=client_token&intent=sdk_init&domains[]=localhost
Response Debug ID: 7f3301224f9b7
Response: Array
(
    [code] => 401
    [message] => Unauthorized
)

Response Body: {"error":"invalid_domain","error_description":"Domain format not valid"}

2024-10-17T02:25:25+00:00 ERROR [Error] Unknown error while connecting to PayPal. Status code: 0.
2024-10-17T02:25:26+00:00 DEBUG POST https://api-m.paypal.com/v1/oauth2/token?grant_type=client_credentials&response_type=client_token&intent=sdk_init&domains[]=localhost
Response Debug ID: 399fdf5ca0d2b
Response: Array
(
    [code] => 401
    [message] => Unauthorized
)

Response Body: {"error":"invalid_domain","error_description":"Domain format not valid"}

2024-10-17T02:25:26+00:00 ERROR [Error] Unknown error while connecting to PayPal. Status code: 0.
2024-10-17T02:25:26+00:00 DEBUG POST https://api-m.paypal.com/v1/oauth2/token?grant_type=client_credentials&response_type=client_token&intent=sdk_init&domains[]=localhost
Response Debug ID: d461b29a3f4f9
Response: Array
(
    [code] => 401
    [message] => Unauthorized
)

Response Body: {"error":"invalid_domain","error_description":"Domain format not valid"}

2024-10-17T02:25:26+00:00 ERROR [Error] Unknown error while connecting to PayPal. Status code: 0.
2024-10-17T02:25:27+00:00 DEBUG POST https://api-m.paypal.com/v1/oauth2/token?grant_type=client_credentials&response_type=client_token&intent=sdk_init&domains[]=localhost
Response Debug ID: c18f95a94a048
Response: Array
(
    [code] => 401
    [message] => Unauthorized
)

Response Body: {"error":"invalid_domain","error_description":"Domain format not valid"}

2024-10-17T02:25:27+00:00 ERROR [Error] Unknown error while connecting to PayPal. Status code: 0.
2024-10-17T02:25:27+00:00 DEBUG POST https://api-m.paypal.com/v1/oauth2/token?grant_type=client_credentials&response_type=client_token&intent=sdk_init&domains[]=localhost
Response Debug ID: 0f8ebfe00a439
Response: Array
(
    [code] => 401
    [message] => Unauthorized
)

Response Body: {"error":"invalid_domain","error_description":"Domain format not valid"}

2024-10-17T02:25:27+00:00 ERROR [Error] Unknown error while connecting to PayPal. Status code: 0.
2024-10-17T02:25:28+00:00 DEBUG POST https://api-m.paypal.com/v1/oauth2/token?grant_type=client_credentials&response_type=client_token&intent=sdk_init&domains[]=localhost
Response Debug ID: e7ee8edb0fe99
Response: Array
(
    [code] => 401
    [message] => Unauthorized
)

Response Body: {"error":"invalid_domain","error_description":"Domain format not valid"}

2024-10-17T02:25:28+00:00 ERROR [Error] Unknown error while connecting to PayPal. Status code: 0.
2024-10-17T02:25:53+00:00 DEBUG POST https://api-m.paypal.com/v1/oauth2/token?grant_type=client_credentials&response_type=client_token&intent=sdk_init&domains[]=localhost
Response Debug ID: d660cca22b437
Response: Array
(
    [code] => 401
    [message] => Unauthorized
)

Response Body: {"error":"invalid_domain","error_description":"Domain format not valid"}

2024-10-17T02:25:53+00:00 ERROR [Error] Unknown error while connecting to PayPal. Status code: 0.
2024-10-17T02:25:53+00:00 DEBUG POST https://api-m.paypal.com/v1/oauth2/token?grant_type=client_credentials&response_type=client_token&intent=sdk_init&domains[]=localhost
Response Debug ID: bc4f03ffaa14a
Response: Array
(
    [code] => 401
    [message] => Unauthorized
)

Response Body: {"error":"invalid_domain","error_description":"Domain format not valid"}

2024-10-17T02:25:53+00:00 ERROR [Error] Unknown error while connecting to PayPal. Status code: 0.
2024-10-17T02:25:54+00:00 DEBUG POST https://api-m.paypal.com/v1/oauth2/token?grant_type=client_credentials&response_type=client_token&intent=sdk_init&domains[]=localhost
Response Debug ID: 11dc9c88d7d06
Response: Array
(
    [code] => 401
    [message] => Unauthorized
)

Response Body: {"error":"invalid_domain","error_description":"Domain format not valid"}

2024-10-17T02:25:54+00:00 ERROR [Error] Unknown error while connecting to PayPal. Status code: 0.
2024-10-17T02:25:54+00:00 DEBUG POST https://api-m.paypal.com/v1/oauth2/token?grant_type=client_credentials&response_type=client_token&intent=sdk_init&domains[]=localhost
Response Debug ID: d7d1a5f99208e
Response: Array
(
    [code] => 401
    [message] => Unauthorized
)

Response Body: {"error":"invalid_domain","error_description":"Domain format not valid"}

2024-10-17T02:25:54+00:00 ERROR [Error] Unknown error while connecting to PayPal. Status code: 0.
2024-10-17T02:25:55+00:00 DEBUG POST https://api-m.paypal.com/v1/oauth2/token?grant_type=client_credentials&response_type=client_token&intent=sdk_init&domains[]=localhost
Response Debug ID: 17f8a30bd43a7
Response: Array
(
    [code] => 401
    [message] => Unauthorized
)

Response Body: {"error":"invalid_domain","error_description":"Domain format not valid"}

2024-10-17T02:25:55+00:00 ERROR [Error] Unknown error while connecting to PayPal. Status code: 0.
2024-10-17T02:25:55+00:00 DEBUG POST https://api-m.paypal.com/v1/oauth2/token?grant_type=client_credentials&response_type=client_token&intent=sdk_init&domains[]=localhost
Response Debug ID: d98a4fdd8d634
Response: Array
(
    [code] => 401
    [message] => Unauthorized
)

Response Body: {"error":"invalid_domain","error_description":"Domain format not valid"}

2024-10-17T02:25:55+00:00 ERROR [Error] Unknown error while connecting to PayPal. Status code: 0.
2024-10-17T02:26:10+00:00 DEBUG POST https://api-m.paypal.com/v1/oauth2/token?grant_type=client_credentials&response_type=client_token&intent=sdk_init&domains[]=localhost
Response Debug ID: af4ef544192a6
Response: Array
(
    [code] => 401
    [message] => Unauthorized
)

Response Body: {"error":"invalid_domain","error_description":"Domain format not valid"}

2024-10-17T02:26:10+00:00 ERROR [Error] Unknown error while connecting to PayPal. Status code: 0.
2024-10-17T02:26:10+00:00 DEBUG POST https://api-m.paypal.com/v1/oauth2/token?grant_type=client_credentials&response_type=client_token&intent=sdk_init&domains[]=localhost
Response Debug ID: b286743b5e2f4
Response: Array
(
    [code] => 401
    [message] => Unauthorized
)

Response Body: {"error":"invalid_domain","error_description":"Domain format not valid"}

2024-10-17T02:26:10+00:00 ERROR [Error] Unknown error while connecting to PayPal. Status code: 0.
2024-10-17T02:26:11+00:00 DEBUG POST https://api-m.paypal.com/v1/oauth2/token?grant_type=client_credentials&response_type=client_token&intent=sdk_init&domains[]=localhost
Response Debug ID: 8a64e0971a64e
Response: Array
(
    [code] => 401
    [message] => Unauthorized
)

Response Body: {"error":"invalid_domain","error_description":"Domain format not valid"}

2024-10-17T02:26:11+00:00 ERROR [Error] Unknown error while connecting to PayPal. Status code: 0.
2024-10-17T02:26:11+00:00 DEBUG POST https://api-m.paypal.com/v1/oauth2/token?grant_type=client_credentials&response_type=client_token&intent=sdk_init&domains[]=localhost
Response Debug ID: 1917618dbcfdc
Response: Array
(
    [code] => 401
    [message] => Unauthorized
)

Response Body: {"error":"invalid_domain","error_description":"Domain format not valid"}

2024-10-17T02:26:11+00:00 ERROR [Error] Unknown error while connecting to PayPal. Status code: 0.
2024-10-17T02:26:11+00:00 DEBUG POST https://api-m.paypal.com/v1/oauth2/token?grant_type=client_credentials&response_type=client_token&intent=sdk_init&domains[]=localhost
Response Debug ID: beba6aa9433e8
Response: Array
(
    [code] => 401
    [message] => Unauthorized
)

Response Body: {"error":"invalid_domain","error_description":"Domain format not valid"}

2024-10-17T02:26:11+00:00 ERROR [Error] Unknown error while connecting to PayPal. Status code: 0.
2024-10-17T02:26:12+00:00 DEBUG POST https://api-m.paypal.com/v1/oauth2/token?grant_type=client_credentials&response_type=client_token&intent=sdk_init&domains[]=localhost
Response Debug ID: 917f6a30cce85
Response: Array
(
    [code] => 401
    [message] => Unauthorized
)

Response Body: {"error":"invalid_domain","error_description":"Domain format not valid"}

2024-10-17T02:26:12+00:00 ERROR [Error] Unknown error while connecting to PayPal. Status code: 0.
2024-10-17T02:26:38+00:00 DEBUG POST https://api-m.paypal.com/v1/oauth2/token?grant_type=client_credentials&response_type=client_token&intent=sdk_init&domains[]=localhost
Response Debug ID: bcede431063ae
Response: Array
(
    [code] => 401
    [message] => Unauthorized
)

Response Body: {"error":"invalid_domain","error_description":"Domain format not valid"}

2024-10-17T02:26:38+00:00 ERROR [Error] Unknown error while connecting to PayPal. Status code: 0.
2024-10-17T02:26:38+00:00 DEBUG POST https://api-m.paypal.com/v1/oauth2/token?grant_type=client_credentials&response_type=client_token&intent=sdk_init&domains[]=localhost
Response Debug ID: 4a2edb5619d30
Response: Array
(
    [code] => 401
    [message] => Unauthorized
)

Response Body: {"error":"invalid_domain","error_description":"Domain format not valid"}

2024-10-17T02:26:38+00:00 ERROR [Error] Unknown error while connecting to PayPal. Status code: 0.
2024-10-17T02:26:39+00:00 DEBUG POST https://api-m.paypal.com/v1/oauth2/token?grant_type=client_credentials&response_type=client_token&intent=sdk_init&domains[]=localhost
Response Debug ID: e6f66773f1184
Response: Array
(
    [code] => 401
    [message] => Unauthorized
)

Response Body: {"error":"invalid_domain","error_description":"Domain format not valid"}

2024-10-17T02:26:39+00:00 ERROR [Error] Unknown error while connecting to PayPal. Status code: 0.
2024-10-17T02:26:39+00:00 DEBUG POST https://api-m.paypal.com/v1/oauth2/token?grant_type=client_credentials&response_type=client_token&intent=sdk_init&domains[]=localhost
Response Debug ID: 851196e075be9
Response: Array
(
    [code] => 401
    [message] => Unauthorized
)

Response Body: {"error":"invalid_domain","error_description":"Domain format not valid"}

2024-10-17T02:26:39+00:00 ERROR [Error] Unknown error while connecting to PayPal. Status code: 0.
2024-10-17T02:26:40+00:00 DEBUG POST https://api-m.paypal.com/v1/oauth2/token?grant_type=client_credentials&response_type=client_token&intent=sdk_init&domains[]=localhost
Response Debug ID: 1179a8f2bb662
Response: Array
(
    [code] => 401
    [message] => Unauthorized
)

Response Body: {"error":"invalid_domain","error_description":"Domain format not valid"}

2024-10-17T02:26:40+00:00 ERROR [Error] Unknown error while connecting to PayPal. Status code: 0.
2024-10-17T02:26:40+00:00 DEBUG POST https://api-m.paypal.com/v1/oauth2/token?grant_type=client_credentials&response_type=client_token&intent=sdk_init&domains[]=localhost
Response Debug ID: b3281717807e4
Response: Array
(
    [code] => 401
    [message] => Unauthorized
)

Response Body: {"error":"invalid_domain","error_description":"Domain format not valid"}

2024-10-17T02:26:40+00:00 ERROR [Error] Unknown error while connecting to PayPal. Status code: 0.
2024-10-17T02:29:50+00:00 DEBUG POST https://api-m.paypal.com/v1/oauth2/token?grant_type=client_credentials&response_type=client_token&intent=sdk_init&domains[]=localhost
Response Debug ID: 34f0158fbb1f5
Response: Array
(
    [code] => 401
    [message] => Unauthorized
)

Response Body: {"error":"invalid_domain","error_description":"Domain format not valid"}

2024-10-17T02:29:50+00:00 ERROR [Error] Unknown error while connecting to PayPal. Status code: 0.
2024-10-17T02:29:50+00:00 DEBUG POST https://api-m.paypal.com/v1/oauth2/token?grant_type=client_credentials&response_type=client_token&intent=sdk_init&domains[]=localhost
Response Debug ID: 71a39638f28c3
Response: Array
(
    [code] => 401
    [message] => Unauthorized
)

Response Body: {"error":"invalid_domain","error_description":"Domain format not valid"}

2024-10-17T02:29:50+00:00 ERROR [Error] Unknown error while connecting to PayPal. Status code: 0.
2024-10-17T02:29:51+00:00 DEBUG POST https://api-m.paypal.com/v1/oauth2/token?grant_type=client_credentials&response_type=client_token&intent=sdk_init&domains[]=localhost
Response Debug ID: 980e7193e2658
Response: Array
(
    [code] => 401
    [message] => Unauthorized
)

Response Body: {"error":"invalid_domain","error_description":"Domain format not valid"}

2024-10-17T02:29:51+00:00 ERROR [Error] Unknown error while connecting to PayPal. Status code: 0.
2024-10-17T02:29:51+00:00 DEBUG POST https://api-m.paypal.com/v1/oauth2/token?grant_type=client_credentials&response_type=client_token&intent=sdk_init&domains[]=localhost
Response Debug ID: 1e169ffd02060
Response: Array
(
    [code] => 401
    [message] => Unauthorized
)

Response Body: {"error":"invalid_domain","error_description":"Domain format not valid"}

2024-10-17T02:29:51+00:00 ERROR [Error] Unknown error while connecting to PayPal. Status code: 0.
2024-10-17T02:29:52+00:00 DEBUG POST https://api-m.paypal.com/v1/oauth2/token?grant_type=client_credentials&response_type=client_token&intent=sdk_init&domains[]=localhost
Response Debug ID: c3ce95cca130d
Response: Array
(
    [code] => 401
    [message] => Unauthorized
)

Response Body: {"error":"invalid_domain","error_description":"Domain format not valid"}

2024-10-17T02:29:52+00:00 ERROR [Error] Unknown error while connecting to PayPal. Status code: 0.
2024-10-17T02:29:52+00:00 DEBUG POST https://api-m.paypal.com/v1/oauth2/token?grant_type=client_credentials&response_type=client_token&intent=sdk_init&domains[]=localhost
Response Debug ID: 96a4ad99b81e8
Response: Array
(
    [code] => 401
    [message] => Unauthorized
)

Response Body: {"error":"invalid_domain","error_description":"Domain format not valid"}

2024-10-17T02:29:52+00:00 ERROR [Error] Unknown error while connecting to PayPal. Status code: 0.
2024-10-17T02:31:22+00:00 DEBUG POST https://api-m.paypal.com/v1/oauth2/token?grant_type=client_credentials&response_type=client_token&intent=sdk_init&domains[]=localhost
Response Debug ID: 5e95b790db030
Response: Array
(
    [code] => 401
    [message] => Unauthorized
)

Response Body: {"error":"invalid_domain","error_description":"Domain format not valid"}

2024-10-17T02:31:22+00:00 ERROR [Error] Unknown error while connecting to PayPal. Status code: 0.
2024-10-17T02:31:35+00:00 DEBUG POST https://api-m.paypal.com/v1/oauth2/token?grant_type=client_credentials&response_type=client_token&intent=sdk_init&domains[]=localhost
Response Debug ID: 6c19e54efae04
Response: Array
(
    [code] => 401
    [message] => Unauthorized
)

Response Body: {"error":"invalid_domain","error_description":"Domain format not valid"}

2024-10-17T02:31:35+00:00 ERROR [Error] Unknown error while connecting to PayPal. Status code: 0.
2024-10-17T02:31:47+00:00 DEBUG POST https://api-m.paypal.com/v1/oauth2/token?grant_type=client_credentials&response_type=client_token&intent=sdk_init&domains[]=localhost
Response Debug ID: e310c4392c8ae
Response: Array
(
    [code] => 401
    [message] => Unauthorized
)

Response Body: {"error":"invalid_domain","error_description":"Domain format not valid"}

2024-10-17T02:31:47+00:00 ERROR [Error] Unknown error while connecting to PayPal. Status code: 0.
2024-10-17T02:32:36+00:00 DEBUG POST https://api-m.paypal.com/v1/oauth2/token?grant_type=client_credentials&response_type=client_token&intent=sdk_init&domains[]=localhost
Response Debug ID: 4568fa3af7a16
Response: Array
(
    [code] => 401
    [message] => Unauthorized
)

Response Body: {"error":"invalid_domain","error_description":"Domain format not valid"}

2024-10-17T02:32:36+00:00 ERROR [Error] Unknown error while connecting to PayPal. Status code: 0.
2024-10-17T02:32:36+00:00 DEBUG POST https://api-m.paypal.com/v1/oauth2/token?grant_type=client_credentials&response_type=client_token&intent=sdk_init&domains[]=localhost
Response Debug ID: 6acea23d63470
Response: Array
(
    [code] => 401
    [message] => Unauthorized
)

Response Body: {"error":"invalid_domain","error_description":"Domain format not valid"}

2024-10-17T02:32:36+00:00 ERROR [Error] Unknown error while connecting to PayPal. Status code: 0.
2024-10-17T02:32:41+00:00 DEBUG POST https://api-m.paypal.com/v1/oauth2/token?grant_type=client_credentials&response_type=client_token&intent=sdk_init&domains[]=localhost
Response Debug ID: 226d509e34ef5
Response: Array
(
    [code] => 401
    [message] => Unauthorized
)

Response Body: {"error":"invalid_domain","error_description":"Domain format not valid"}

2024-10-17T02:32:41+00:00 ERROR [Error] Unknown error while connecting to PayPal. Status code: 0.
2024-10-17T02:33:13+00:00 DEBUG POST https://api-m.paypal.com/v1/oauth2/token?grant_type=client_credentials&response_type=client_token&intent=sdk_init&domains[]=localhost
Response Debug ID: 2d967bae07b79
Response: Array
(
    [code] => 401
    [message] => Unauthorized
)

Response Body: {"error":"invalid_domain","error_description":"Domain format not valid"}

2024-10-17T02:33:13+00:00 ERROR [Error] Unknown error while connecting to PayPal. Status code: 0.
2024-10-17T02:33:19+00:00 DEBUG POST https://api-m.paypal.com/v1/oauth2/token?grant_type=client_credentials&response_type=client_token&intent=sdk_init&domains[]=localhost
Response Debug ID: ed130c1e320d8
Response: Array
(
    [code] => 401
    [message] => Unauthorized
)

Response Body: {"error":"invalid_domain","error_description":"Domain format not valid"}

2024-10-17T02:33:19+00:00 ERROR [Error] Unknown error while connecting to PayPal. Status code: 0.
2024-10-17T02:33:24+00:00 DEBUG POST https://api-m.paypal.com/v1/oauth2/token?grant_type=client_credentials&response_type=client_token&intent=sdk_init&domains[]=localhost
Response Debug ID: 607e07a84bbea
Response: Array
(
    [code] => 401
    [message] => Unauthorized
)

Response Body: {"error":"invalid_domain","error_description":"Domain format not valid"}

2024-10-17T02:33:24+00:00 ERROR [Error] Unknown error while connecting to PayPal. Status code: 0.
2024-10-17T02:33:35+00:00 DEBUG POST https://api-m.paypal.com/v1/oauth2/token?grant_type=client_credentials&response_type=client_token&intent=sdk_init&domains[]=localhost
Response Debug ID: c89a076306a5a
Response: Array
(
    [code] => 401
    [message] => Unauthorized
)

Response Body: {"error":"invalid_domain","error_description":"Domain format not valid"}

2024-10-17T02:33:35+00:00 ERROR [Error] Unknown error while connecting to PayPal. Status code: 0.
2024-10-17T02:33:38+00:00 DEBUG POST https://api-m.paypal.com/v1/oauth2/token?grant_type=client_credentials&response_type=client_token&intent=sdk_init&domains[]=localhost
Response Debug ID: 3863a2ffdf50d
Response: Array
(
    [code] => 401
    [message] => Unauthorized
)

Response Body: {"error":"invalid_domain","error_description":"Domain format not valid"}

2024-10-17T02:33:38+00:00 ERROR [Error] Unknown error while connecting to PayPal. Status code: 0.
2024-10-17T02:34:02+00:00 DEBUG POST https://api-m.paypal.com/v1/oauth2/token?grant_type=client_credentials&response_type=client_token&intent=sdk_init&domains[]=localhost
Response Debug ID: dee9a0471e2a6
Response: Array
(
    [code] => 401
    [message] => Unauthorized
)

Response Body: {"error":"invalid_domain","error_description":"Domain format not valid"}

2024-10-17T02:34:02+00:00 ERROR [Error] Unknown error while connecting to PayPal. Status code: 0.
2024-10-17T03:14:36+00:00 DEBUG POST https://api-m.paypal.com/v1/oauth2/token?grant_type=client_credentials&response_type=client_token&intent=sdk_init&domains[]=localhost
Response Debug ID: 40d7226232352
Response: Array
(
    [code] => 401
    [message] => Unauthorized
)

Response Body: {"error":"invalid_domain","error_description":"Domain format not valid"}

2024-10-17T03:14:36+00:00 ERROR [Error] Unknown error while connecting to PayPal. Status code: 0.
2024-10-17T03:17:08+00:00 DEBUG POST https://api-m.paypal.com/v1/oauth2/token?grant_type=client_credentials&response_type=client_token&intent=sdk_init&domains[]=localhost
Response Debug ID: c23e86a927254
Response: Array
(
    [code] => 401
    [message] => Unauthorized
)

Response Body: {"error":"invalid_domain","error_description":"Domain format not valid"}

2024-10-17T03:17:08+00:00 ERROR [Error] Unknown error while connecting to PayPal. Status code: 0.
2024-10-17T03:19:11+00:00 DEBUG POST https://api-m.paypal.com/v1/oauth2/token?grant_type=client_credentials&response_type=client_token&intent=sdk_init&domains[]=localhost
Response Debug ID: a0f29a23d6680
Response: Array
(
    [code] => 401
    [message] => Unauthorized
)

Response Body: {"error":"invalid_domain","error_description":"Domain format not valid"}

2024-10-17T03:19:11+00:00 ERROR [Error] Unknown error while connecting to PayPal. Status code: 0.
2024-10-17T03:19:12+00:00 DEBUG POST https://api-m.paypal.com/v1/oauth2/token?grant_type=client_credentials&response_type=client_token&intent=sdk_init&domains[]=localhost
Response Debug ID: d88c756b2aace
Response: Array
(
    [code] => 401
    [message] => Unauthorized
)

Response Body: {"error":"invalid_domain","error_description":"Domain format not valid"}

2024-10-17T03:19:12+00:00 ERROR [Error] Unknown error while connecting to PayPal. Status code: 0.
2024-10-17T03:19:12+00:00 DEBUG POST https://api-m.paypal.com/v1/oauth2/token?grant_type=client_credentials&response_type=client_token&intent=sdk_init&domains[]=localhost
Response Debug ID: 308d829817330
Response: Array
(
    [code] => 401
    [message] => Unauthorized
)

Response Body: {"error":"invalid_domain","error_description":"Domain format not valid"}

2024-10-17T03:19:12+00:00 ERROR [Error] Unknown error while connecting to PayPal. Status code: 0.
2024-10-17T03:19:13+00:00 DEBUG POST https://api-m.paypal.com/v1/oauth2/token?grant_type=client_credentials&response_type=client_token&intent=sdk_init&domains[]=localhost
Response Debug ID: 0cde974c8b3d0
Response: Array
(
    [code] => 401
    [message] => Unauthorized
)

Response Body: {"error":"invalid_domain","error_description":"Domain format not valid"}

2024-10-17T03:19:13+00:00 ERROR [Error] Unknown error while connecting to PayPal. Status code: 0.
2024-10-17T03:19:13+00:00 DEBUG POST https://api-m.paypal.com/v1/oauth2/token?grant_type=client_credentials&response_type=client_token&intent=sdk_init&domains[]=localhost
Response Debug ID: 78a0fd25a355d
Response: Array
(
    [code] => 401
    [message] => Unauthorized
)

Response Body: {"error":"invalid_domain","error_description":"Domain format not valid"}

2024-10-17T03:19:13+00:00 ERROR [Error] Unknown error while connecting to PayPal. Status code: 0.
2024-10-17T03:19:14+00:00 DEBUG POST https://api-m.paypal.com/v1/oauth2/token?grant_type=client_credentials&response_type=client_token&intent=sdk_init&domains[]=localhost
Response Debug ID: e70875888e6df
Response: Array
(
    [code] => 401
    [message] => Unauthorized
)

Response Body: {"error":"invalid_domain","error_description":"Domain format not valid"}

2024-10-17T03:19:14+00:00 ERROR [Error] Unknown error while connecting to PayPal. Status code: 0.
2024-10-17T03:23:37+00:00 DEBUG POST https://api-m.paypal.com/v1/oauth2/token?grant_type=client_credentials&response_type=client_token&intent=sdk_init&domains[]=localhost
Response Debug ID: 7ba662d2dedd4
Response: Array
(
    [code] => 401
    [message] => Unauthorized
)

Response Body: {"error":"invalid_domain","error_description":"Domain format not valid"}

2024-10-17T03:23:37+00:00 ERROR [Error] Unknown error while connecting to PayPal. Status code: 0.
2024-10-17T03:23:38+00:00 DEBUG POST https://api-m.paypal.com/v1/oauth2/token?grant_type=client_credentials&response_type=client_token&intent=sdk_init&domains[]=localhost
Response Debug ID: 795faf25c42b0
Response: Array
(
    [code] => 401
    [message] => Unauthorized
)

Response Body: {"error":"invalid_domain","error_description":"Domain format not valid"}

2024-10-17T03:23:38+00:00 ERROR [Error] Unknown error while connecting to PayPal. Status code: 0.
2024-10-17T03:23:38+00:00 DEBUG POST https://api-m.paypal.com/v1/oauth2/token?grant_type=client_credentials&response_type=client_token&intent=sdk_init&domains[]=localhost
Response Debug ID: f9fa13f15fc85
Response: Array
(
    [code] => 401
    [message] => Unauthorized
)

Response Body: {"error":"invalid_domain","error_description":"Domain format not valid"}

2024-10-17T03:23:38+00:00 ERROR [Error] Unknown error while connecting to PayPal. Status code: 0.
2024-10-17T03:23:39+00:00 DEBUG POST https://api-m.paypal.com/v1/oauth2/token?grant_type=client_credentials&response_type=client_token&intent=sdk_init&domains[]=localhost
Response Debug ID: 2d1c613e935ee
Response: Array
(
    [code] => 401
    [message] => Unauthorized
)

Response Body: {"error":"invalid_domain","error_description":"Domain format not valid"}

2024-10-17T03:23:39+00:00 ERROR [Error] Unknown error while connecting to PayPal. Status code: 0.
2024-10-17T03:23:40+00:00 DEBUG POST https://api-m.paypal.com/v1/oauth2/token?grant_type=client_credentials&response_type=client_token&intent=sdk_init&domains[]=localhost
Response Debug ID: a80aa95c3e112
Response: Array
(
    [code] => 401
    [message] => Unauthorized
)

Response Body: {"error":"invalid_domain","error_description":"Domain format not valid"}

2024-10-17T03:23:40+00:00 ERROR [Error] Unknown error while connecting to PayPal. Status code: 0.
2024-10-17T03:23:40+00:00 DEBUG POST https://api-m.paypal.com/v1/oauth2/token?grant_type=client_credentials&response_type=client_token&intent=sdk_init&domains[]=localhost
Response Debug ID: 8b995c7321c65
Response: Array
(
    [code] => 401
    [message] => Unauthorized
)

Response Body: {"error":"invalid_domain","error_description":"Domain format not valid"}

2024-10-17T03:23:40+00:00 ERROR [Error] Unknown error while connecting to PayPal. Status code: 0.
2024-10-17T03:24:09+00:00 DEBUG POST https://api-m.paypal.com/v1/oauth2/token?grant_type=client_credentials&response_type=client_token&intent=sdk_init&domains[]=localhost
Response Debug ID: fcdececbb0c39
Response: Array
(
    [code] => 401
    [message] => Unauthorized
)

Response Body: {"error":"invalid_domain","error_description":"Domain format not valid"}

2024-10-17T03:24:09+00:00 ERROR [Error] Unknown error while connecting to PayPal. Status code: 0.
2024-10-17T03:25:07+00:00 DEBUG POST https://api-m.paypal.com/v1/oauth2/token?grant_type=client_credentials&response_type=client_token&intent=sdk_init&domains[]=localhost
Response Debug ID: 90b2ca8a180b0
Response: Array
(
    [code] => 401
    [message] => Unauthorized
)

Response Body: {"error":"invalid_domain","error_description":"Domain format not valid"}

2024-10-17T03:25:07+00:00 ERROR [Error] Unknown error while connecting to PayPal. Status code: 0.
2024-10-17T03:25:08+00:00 DEBUG POST https://api-m.paypal.com/v1/oauth2/token?grant_type=client_credentials&response_type=client_token&intent=sdk_init&domains[]=localhost
Response Debug ID: 5272ceba27c4c
Response: Array
(
    [code] => 401
    [message] => Unauthorized
)

Response Body: {"error":"invalid_domain","error_description":"Domain format not valid"}

2024-10-17T03:25:08+00:00 ERROR [Error] Unknown error while connecting to PayPal. Status code: 0.
2024-10-17T03:25:08+00:00 DEBUG POST https://api-m.paypal.com/v1/oauth2/token?grant_type=client_credentials&response_type=client_token&intent=sdk_init&domains[]=localhost
Response Debug ID: 66da17dc4ce6d
Response: Array
(
    [code] => 401
    [message] => Unauthorized
)

Response Body: {"error":"invalid_domain","error_description":"Domain format not valid"}

2024-10-17T03:25:08+00:00 ERROR [Error] Unknown error while connecting to PayPal. Status code: 0.
2024-10-17T03:25:09+00:00 DEBUG POST https://api-m.paypal.com/v1/oauth2/token?grant_type=client_credentials&response_type=client_token&intent=sdk_init&domains[]=localhost
Response Debug ID: 09c966203c456
Response: Array
(
    [code] => 401
    [message] => Unauthorized
)

Response Body: {"error":"invalid_domain","error_description":"Domain format not valid"}

2024-10-17T03:25:09+00:00 ERROR [Error] Unknown error while connecting to PayPal. Status code: 0.
2024-10-17T03:25:10+00:00 DEBUG POST https://api-m.paypal.com/v1/oauth2/token?grant_type=client_credentials&response_type=client_token&intent=sdk_init&domains[]=localhost
Response Debug ID: af4ee2ed9e09b
Response: Array
(
    [code] => 401
    [message] => Unauthorized
)

Response Body: {"error":"invalid_domain","error_description":"Domain format not valid"}

2024-10-17T03:25:10+00:00 ERROR [Error] Unknown error while connecting to PayPal. Status code: 0.
2024-10-17T03:25:11+00:00 DEBUG POST https://api-m.paypal.com/v1/oauth2/token?grant_type=client_credentials&response_type=client_token&intent=sdk_init&domains[]=localhost
Response Debug ID: b0fe42f140bb4
Response: Array
(
    [code] => 401
    [message] => Unauthorized
)

Response Body: {"error":"invalid_domain","error_description":"Domain format not valid"}

2024-10-17T03:25:11+00:00 ERROR [Error] Unknown error while connecting to PayPal. Status code: 0.
2024-10-17T03:28:41+00:00 DEBUG POST https://api-m.paypal.com/v1/oauth2/token?grant_type=client_credentials&response_type=client_token&intent=sdk_init&domains[]=localhost
Response Debug ID: 0b270d7cca17b
Response: Array
(
    [code] => 401
    [message] => Unauthorized
)

Response Body: {"error":"invalid_domain","error_description":"Domain format not valid"}

2024-10-17T03:28:41+00:00 ERROR [Error] Unknown error while connecting to PayPal. Status code: 0.
2024-10-17T03:28:41+00:00 DEBUG POST https://api-m.paypal.com/v1/oauth2/token?grant_type=client_credentials&response_type=client_token&intent=sdk_init&domains[]=localhost
Response Debug ID: d263411746786
Response: Array
(
    [code] => 401
    [message] => Unauthorized
)

Response Body: {"error":"invalid_domain","error_description":"Domain format not valid"}

2024-10-17T03:28:41+00:00 ERROR [Error] Unknown error while connecting to PayPal. Status code: 0.
2024-10-17T03:28:42+00:00 DEBUG POST https://api-m.paypal.com/v1/oauth2/token?grant_type=client_credentials&response_type=client_token&intent=sdk_init&domains[]=localhost
Response Debug ID: 22fc1d47a9c40
Response: Array
(
    [code] => 401
    [message] => Unauthorized
)

Response Body: {"error":"invalid_domain","error_description":"Domain format not valid"}

2024-10-17T03:28:42+00:00 ERROR [Error] Unknown error while connecting to PayPal. Status code: 0.
2024-10-17T03:28:42+00:00 DEBUG POST https://api-m.paypal.com/v1/oauth2/token?grant_type=client_credentials&response_type=client_token&intent=sdk_init&domains[]=localhost
Response Debug ID: aa6b0b1cb429c
Response: Array
(
    [code] => 401
    [message] => Unauthorized
)

Response Body: {"error":"invalid_domain","error_description":"Domain format not valid"}

2024-10-17T03:28:42+00:00 ERROR [Error] Unknown error while connecting to PayPal. Status code: 0.
2024-10-17T03:28:43+00:00 DEBUG POST https://api-m.paypal.com/v1/oauth2/token?grant_type=client_credentials&response_type=client_token&intent=sdk_init&domains[]=localhost
Response Debug ID: 3e7d18a5433d3
Response: Array
(
    [code] => 401
    [message] => Unauthorized
)

Response Body: {"error":"invalid_domain","error_description":"Domain format not valid"}

2024-10-17T03:28:43+00:00 ERROR [Error] Unknown error while connecting to PayPal. Status code: 0.
2024-10-17T03:28:44+00:00 DEBUG POST https://api-m.paypal.com/v1/oauth2/token?grant_type=client_credentials&response_type=client_token&intent=sdk_init&domains[]=localhost
Response Debug ID: 2b84a59b02147
Response: Array
(
    [code] => 401
    [message] => Unauthorized
)

Response Body: {"error":"invalid_domain","error_description":"Domain format not valid"}

2024-10-17T03:28:44+00:00 ERROR [Error] Unknown error while connecting to PayPal. Status code: 0.
2024-10-17T03:29:11+00:00 DEBUG POST https://api-m.paypal.com/v1/oauth2/token?grant_type=client_credentials&response_type=client_token&intent=sdk_init&domains[]=localhost
Response Debug ID: 563437b5e3c1f
Response: Array
(
    [code] => 401
    [message] => Unauthorized
)

Response Body: {"error":"invalid_domain","error_description":"Domain format not valid"}

2024-10-17T03:29:11+00:00 ERROR [Error] Unknown error while connecting to PayPal. Status code: 0.
2024-10-17T03:29:12+00:00 DEBUG POST https://api-m.paypal.com/v1/oauth2/token?grant_type=client_credentials&response_type=client_token&intent=sdk_init&domains[]=localhost
Response Debug ID: de5aadff756e2
Response: Array
(
    [code] => 401
    [message] => Unauthorized
)

Response Body: {"error":"invalid_domain","error_description":"Domain format not valid"}

2024-10-17T03:29:12+00:00 ERROR [Error] Unknown error while connecting to PayPal. Status code: 0.
2024-10-17T03:29:12+00:00 DEBUG POST https://api-m.paypal.com/v1/oauth2/token?grant_type=client_credentials&response_type=client_token&intent=sdk_init&domains[]=localhost
Response Debug ID: 4136b3ea7014e
Response: Array
(
    [code] => 401
    [message] => Unauthorized
)

Response Body: {"error":"invalid_domain","error_description":"Domain format not valid"}

2024-10-17T03:29:12+00:00 ERROR [Error] Unknown error while connecting to PayPal. Status code: 0.
2024-10-17T03:29:13+00:00 DEBUG POST https://api-m.paypal.com/v1/oauth2/token?grant_type=client_credentials&response_type=client_token&intent=sdk_init&domains[]=localhost
Response Debug ID: b5cf4e8671f21
Response: Array
(
    [code] => 401
    [message] => Unauthorized
)

Response Body: {"error":"invalid_domain","error_description":"Domain format not valid"}

2024-10-17T03:29:13+00:00 ERROR [Error] Unknown error while connecting to PayPal. Status code: 0.
2024-10-17T03:29:14+00:00 DEBUG POST https://api-m.paypal.com/v1/oauth2/token?grant_type=client_credentials&response_type=client_token&intent=sdk_init&domains[]=localhost
Response Debug ID: dda239e583cae
Response: Array
(
    [code] => 401
    [message] => Unauthorized
)

Response Body: {"error":"invalid_domain","error_description":"Domain format not valid"}

2024-10-17T03:29:14+00:00 ERROR [Error] Unknown error while connecting to PayPal. Status code: 0.
2024-10-17T03:29:15+00:00 DEBUG POST https://api-m.paypal.com/v1/oauth2/token?grant_type=client_credentials&response_type=client_token&intent=sdk_init&domains[]=localhost
Response Debug ID: 4381c10aef3d5
Response: Array
(
    [code] => 401
    [message] => Unauthorized
)

Response Body: {"error":"invalid_domain","error_description":"Domain format not valid"}

2024-10-17T03:29:15+00:00 ERROR [Error] Unknown error while connecting to PayPal. Status code: 0.
2024-10-17T03:33:18+00:00 DEBUG POST https://api-m.paypal.com/v1/oauth2/token?grant_type=client_credentials&response_type=client_token&intent=sdk_init&domains[]=localhost
Response Debug ID: 4813430d47b64
Response: Array
(
    [code] => 401
    [message] => Unauthorized
)

Response Body: {"error":"invalid_domain","error_description":"Domain format not valid"}

2024-10-17T03:33:18+00:00 ERROR [Error] Unknown error while connecting to PayPal. Status code: 0.
2024-10-17T03:35:25+00:00 DEBUG POST https://api-m.paypal.com/v1/oauth2/token?grant_type=client_credentials&response_type=client_token&intent=sdk_init&domains[]=localhost
Response Debug ID: 5a89752b62f42
Response: Array
(
    [code] => 401
    [message] => Unauthorized
)

Response Body: {"error":"invalid_domain","error_description":"Domain format not valid"}

2024-10-17T03:35:25+00:00 ERROR [Error] Unknown error while connecting to PayPal. Status code: 0.
2024-10-17T03:35:26+00:00 DEBUG POST https://api-m.paypal.com/v1/oauth2/token?grant_type=client_credentials&response_type=client_token&intent=sdk_init&domains[]=localhost
Response Debug ID: 534f9d0049bfd
Response: Array
(
    [code] => 401
    [message] => Unauthorized
)

Response Body: {"error":"invalid_domain","error_description":"Domain format not valid"}

2024-10-17T03:35:26+00:00 ERROR [Error] Unknown error while connecting to PayPal. Status code: 0.
2024-10-17T03:35:26+00:00 DEBUG POST https://api-m.paypal.com/v1/oauth2/token?grant_type=client_credentials&response_type=client_token&intent=sdk_init&domains[]=localhost
Response Debug ID: 120144c96d1dd
Response: Array
(
    [code] => 401
    [message] => Unauthorized
)

Response Body: {"error":"invalid_domain","error_description":"Domain format not valid"}

2024-10-17T03:35:26+00:00 ERROR [Error] Unknown error while connecting to PayPal. Status code: 0.
2024-10-17T03:35:27+00:00 DEBUG POST https://api-m.paypal.com/v1/oauth2/token?grant_type=client_credentials&response_type=client_token&intent=sdk_init&domains[]=localhost
Response Debug ID: 5d1be4afceff9
Response: Array
(
    [code] => 401
    [message] => Unauthorized
)

Response Body: {"error":"invalid_domain","error_description":"Domain format not valid"}

2024-10-17T03:35:27+00:00 ERROR [Error] Unknown error while connecting to PayPal. Status code: 0.
2024-10-17T03:35:27+00:00 DEBUG POST https://api-m.paypal.com/v1/oauth2/token?grant_type=client_credentials&response_type=client_token&intent=sdk_init&domains[]=localhost
Response Debug ID: f64b902c9c914
Response: Array
(
    [code] => 401
    [message] => Unauthorized
)

Response Body: {"error":"invalid_domain","error_description":"Domain format not valid"}

2024-10-17T03:35:27+00:00 ERROR [Error] Unknown error while connecting to PayPal. Status code: 0.
2024-10-17T03:35:28+00:00 DEBUG POST https://api-m.paypal.com/v1/oauth2/token?grant_type=client_credentials&response_type=client_token&intent=sdk_init&domains[]=localhost
Response Debug ID: cbccb0dd12e04
Response: Array
(
    [code] => 401
    [message] => Unauthorized
)

Response Body: {"error":"invalid_domain","error_description":"Domain format not valid"}

2024-10-17T03:35:28+00:00 ERROR [Error] Unknown error while connecting to PayPal. Status code: 0.
2024-10-17T03:37:04+00:00 DEBUG POST https://api-m.paypal.com/v1/oauth2/token?grant_type=client_credentials&response_type=client_token&intent=sdk_init&domains[]=localhost
Response Debug ID: cc653901def86
Response: Array
(
    [code] => 401
    [message] => Unauthorized
)

Response Body: {"error":"invalid_domain","error_description":"Domain format not valid"}

2024-10-17T03:37:04+00:00 ERROR [Error] Unknown error while connecting to PayPal. Status code: 0.
2024-10-17T03:38:10+00:00 DEBUG POST https://api-m.paypal.com/v1/oauth2/token?grant_type=client_credentials&response_type=client_token&intent=sdk_init&domains[]=localhost
Response Debug ID: b946f56f1c0fa
Response: Array
(
    [code] => 401
    [message] => Unauthorized
)

Response Body: {"error":"invalid_domain","error_description":"Domain format not valid"}

2024-10-17T03:38:10+00:00 ERROR [Error] Unknown error while connecting to PayPal. Status code: 0.
2024-10-17T03:38:11+00:00 DEBUG POST https://api-m.paypal.com/v1/oauth2/token?grant_type=client_credentials&response_type=client_token&intent=sdk_init&domains[]=localhost
Response Debug ID: 5c94362aca257
Response: Array
(
    [code] => 401
    [message] => Unauthorized
)

Response Body: {"error":"invalid_domain","error_description":"Domain format not valid"}

2024-10-17T03:38:11+00:00 ERROR [Error] Unknown error while connecting to PayPal. Status code: 0.
2024-10-17T03:38:11+00:00 DEBUG POST https://api-m.paypal.com/v1/oauth2/token?grant_type=client_credentials&response_type=client_token&intent=sdk_init&domains[]=localhost
Response Debug ID: 6bab0e7617e39
Response: Array
(
    [code] => 401
    [message] => Unauthorized
)

Response Body: {"error":"invalid_domain","error_description":"Domain format not valid"}

2024-10-17T03:38:11+00:00 ERROR [Error] Unknown error while connecting to PayPal. Status code: 0.
2024-10-17T03:38:12+00:00 DEBUG POST https://api-m.paypal.com/v1/oauth2/token?grant_type=client_credentials&response_type=client_token&intent=sdk_init&domains[]=localhost
Response Debug ID: b400e78cf7494
Response: Array
(
    [code] => 401
    [message] => Unauthorized
)

Response Body: {"error":"invalid_domain","error_description":"Domain format not valid"}

2024-10-17T03:38:12+00:00 ERROR [Error] Unknown error while connecting to PayPal. Status code: 0.
2024-10-17T03:38:12+00:00 DEBUG POST https://api-m.paypal.com/v1/oauth2/token?grant_type=client_credentials&response_type=client_token&intent=sdk_init&domains[]=localhost
Response Debug ID: 78822146abd0d
Response: Array
(
    [code] => 401
    [message] => Unauthorized
)

Response Body: {"error":"invalid_domain","error_description":"Domain format not valid"}

2024-10-17T03:38:12+00:00 ERROR [Error] Unknown error while connecting to PayPal. Status code: 0.
2024-10-17T03:38:13+00:00 DEBUG POST https://api-m.paypal.com/v1/oauth2/token?grant_type=client_credentials&response_type=client_token&intent=sdk_init&domains[]=localhost
Response Debug ID: 3cfcd4fdf5129
Response: Array
(
    [code] => 401
    [message] => Unauthorized
)

Response Body: {"error":"invalid_domain","error_description":"Domain format not valid"}

2024-10-17T03:38:13+00:00 ERROR [Error] Unknown error while connecting to PayPal. Status code: 0.
2024-10-17T03:40:06+00:00 DEBUG POST https://api-m.paypal.com/v1/oauth2/token?grant_type=client_credentials&response_type=client_token&intent=sdk_init&domains[]=localhost
Response Debug ID: 6628ef437adf8
Response: Array
(
    [code] => 401
    [message] => Unauthorized
)

Response Body: {"error":"invalid_domain","error_description":"Domain format not valid"}

2024-10-17T03:40:06+00:00 ERROR [Error] Unknown error while connecting to PayPal. Status code: 0.
2024-10-17T03:40:07+00:00 DEBUG POST https://api-m.paypal.com/v1/oauth2/token?grant_type=client_credentials&response_type=client_token&intent=sdk_init&domains[]=localhost
Response Debug ID: fb388b474ed4c
Response: Array
(
    [code] => 401
    [message] => Unauthorized
)

Response Body: {"error":"invalid_domain","error_description":"Domain format not valid"}

2024-10-17T03:40:07+00:00 ERROR [Error] Unknown error while connecting to PayPal. Status code: 0.
2024-10-17T03:40:08+00:00 DEBUG POST https://api-m.paypal.com/v1/oauth2/token?grant_type=client_credentials&response_type=client_token&intent=sdk_init&domains[]=localhost
Response Debug ID: 5166d9affcae8
Response: Array
(
    [code] => 401
    [message] => Unauthorized
)

Response Body: {"error":"invalid_domain","error_description":"Domain format not valid"}

2024-10-17T03:40:08+00:00 ERROR [Error] Unknown error while connecting to PayPal. Status code: 0.
2024-10-17T03:40:09+00:00 DEBUG POST https://api-m.paypal.com/v1/oauth2/token?grant_type=client_credentials&response_type=client_token&intent=sdk_init&domains[]=localhost
Response Debug ID: 6d03bdeda2ee0
Response: Array
(
    [code] => 401
    [message] => Unauthorized
)

Response Body: {"error":"invalid_domain","error_description":"Domain format not valid"}

2024-10-17T03:40:09+00:00 ERROR [Error] Unknown error while connecting to PayPal. Status code: 0.
2024-10-17T03:40:09+00:00 DEBUG POST https://api-m.paypal.com/v1/oauth2/token?grant_type=client_credentials&response_type=client_token&intent=sdk_init&domains[]=localhost
Response Debug ID: 5100f3c47671b
Response: Array
(
    [code] => 401
    [message] => Unauthorized
)

Response Body: {"error":"invalid_domain","error_description":"Domain format not valid"}

2024-10-17T03:40:09+00:00 ERROR [Error] Unknown error while connecting to PayPal. Status code: 0.
2024-10-17T03:40:10+00:00 DEBUG POST https://api-m.paypal.com/v1/oauth2/token?grant_type=client_credentials&response_type=client_token&intent=sdk_init&domains[]=localhost
Response Debug ID: 81d54850ea9f0
Response: Array
(
    [code] => 401
    [message] => Unauthorized
)

Response Body: {"error":"invalid_domain","error_description":"Domain format not valid"}

2024-10-17T03:40:10+00:00 ERROR [Error] Unknown error while connecting to PayPal. Status code: 0.
2024-10-17T03:44:51+00:00 DEBUG POST https://api-m.paypal.com/v1/oauth2/token?grant_type=client_credentials&response_type=client_token&intent=sdk_init&domains[]=localhost
Response Debug ID: ff65882cb2db9
Response: Array
(
    [code] => 401
    [message] => Unauthorized
)

Response Body: {"error":"invalid_domain","error_description":"Domain format not valid"}

2024-10-17T03:44:51+00:00 ERROR [Error] Unknown error while connecting to PayPal. Status code: 0.
2024-10-17T03:44:51+00:00 DEBUG POST https://api-m.paypal.com/v1/oauth2/token?grant_type=client_credentials&response_type=client_token&intent=sdk_init&domains[]=localhost
Response Debug ID: 71367a956c501
Response: Array
(
    [code] => 401
    [message] => Unauthorized
)

Response Body: {"error":"invalid_domain","error_description":"Domain format not valid"}

2024-10-17T03:44:51+00:00 ERROR [Error] Unknown error while connecting to PayPal. Status code: 0.
2024-10-17T03:44:52+00:00 DEBUG POST https://api-m.paypal.com/v1/oauth2/token?grant_type=client_credentials&response_type=client_token&intent=sdk_init&domains[]=localhost
Response Debug ID: a50da96cb8d4f
Response: Array
(
    [code] => 401
    [message] => Unauthorized
)

Response Body: {"error":"invalid_domain","error_description":"Domain format not valid"}

2024-10-17T03:44:52+00:00 ERROR [Error] Unknown error while connecting to PayPal. Status code: 0.
2024-10-17T03:44:52+00:00 DEBUG POST https://api-m.paypal.com/v1/oauth2/token?grant_type=client_credentials&response_type=client_token&intent=sdk_init&domains[]=localhost
Response Debug ID: 98055107652c4
Response: Array
(
    [code] => 401
    [message] => Unauthorized
)

Response Body: {"error":"invalid_domain","error_description":"Domain format not valid"}

2024-10-17T03:44:52+00:00 ERROR [Error] Unknown error while connecting to PayPal. Status code: 0.
2024-10-17T03:44:53+00:00 DEBUG POST https://api-m.paypal.com/v1/oauth2/token?grant_type=client_credentials&response_type=client_token&intent=sdk_init&domains[]=localhost
Response Debug ID: 9f3da30dd9ad4
Response: Array
(
    [code] => 401
    [message] => Unauthorized
)

Response Body: {"error":"invalid_domain","error_description":"Domain format not valid"}

2024-10-17T03:44:53+00:00 ERROR [Error] Unknown error while connecting to PayPal. Status code: 0.
2024-10-17T03:44:53+00:00 DEBUG POST https://api-m.paypal.com/v1/oauth2/token?grant_type=client_credentials&response_type=client_token&intent=sdk_init&domains[]=localhost
Response Debug ID: 980e0b92cceba
Response: Array
(
    [code] => 401
    [message] => Unauthorized
)

Response Body: {"error":"invalid_domain","error_description":"Domain format not valid"}

2024-10-17T03:44:53+00:00 ERROR [Error] Unknown error while connecting to PayPal. Status code: 0.
2024-10-17T03:45:17+00:00 ERROR Cart simulation failed: Could not validate nonce.
2024-10-17T03:45:21+00:00 ERROR Cart simulation failed: Could not validate nonce.
2024-10-17T03:48:03+00:00 DEBUG POST https://api-m.paypal.com/v1/oauth2/token?grant_type=client_credentials&response_type=client_token&intent=sdk_init&domains[]=localhost
Response Debug ID: f806eed3be463
Response: Array
(
    [code] => 401
    [message] => Unauthorized
)

Response Body: {"error":"invalid_domain","error_description":"Domain format not valid"}

2024-10-17T03:48:03+00:00 ERROR [Error] Unknown error while connecting to PayPal. Status code: 0.
2024-10-17T03:48:03+00:00 DEBUG POST https://api-m.paypal.com/v1/oauth2/token?grant_type=client_credentials&response_type=client_token&intent=sdk_init&domains[]=localhost
Response Debug ID: 7ff16a7837874
Response: Array
(
    [code] => 401
    [message] => Unauthorized
)

Response Body: {"error":"invalid_domain","error_description":"Domain format not valid"}

2024-10-17T03:48:03+00:00 ERROR [Error] Unknown error while connecting to PayPal. Status code: 0.
2024-10-17T03:48:04+00:00 DEBUG POST https://api-m.paypal.com/v1/oauth2/token?grant_type=client_credentials&response_type=client_token&intent=sdk_init&domains[]=localhost
Response Debug ID: f25004bd246bb
Response: Array
(
    [code] => 401
    [message] => Unauthorized
)

Response Body: {"error":"invalid_domain","error_description":"Domain format not valid"}

2024-10-17T03:48:04+00:00 ERROR [Error] Unknown error while connecting to PayPal. Status code: 0.
2024-10-17T03:48:04+00:00 DEBUG POST https://api-m.paypal.com/v1/oauth2/token?grant_type=client_credentials&response_type=client_token&intent=sdk_init&domains[]=localhost
Response Debug ID: 48962a4b51130
Response: Array
(
    [code] => 401
    [message] => Unauthorized
)

Response Body: {"error":"invalid_domain","error_description":"Domain format not valid"}

2024-10-17T03:48:04+00:00 ERROR [Error] Unknown error while connecting to PayPal. Status code: 0.
2024-10-17T03:48:05+00:00 DEBUG POST https://api-m.paypal.com/v1/oauth2/token?grant_type=client_credentials&response_type=client_token&intent=sdk_init&domains[]=localhost
Response Debug ID: 2a294349e4201
Response: Array
(
    [code] => 401
    [message] => Unauthorized
)

Response Body: {"error":"invalid_domain","error_description":"Domain format not valid"}

2024-10-17T03:48:05+00:00 ERROR [Error] Unknown error while connecting to PayPal. Status code: 0.
2024-10-17T03:48:05+00:00 DEBUG POST https://api-m.paypal.com/v1/oauth2/token?grant_type=client_credentials&response_type=client_token&intent=sdk_init&domains[]=localhost
Response Debug ID: 8d976c892af4c
Response: Array
(
    [code] => 401
    [message] => Unauthorized
)

Response Body: {"error":"invalid_domain","error_description":"Domain format not valid"}

2024-10-17T03:48:05+00:00 ERROR [Error] Unknown error while connecting to PayPal. Status code: 0.
2024-10-17T03:50:40+00:00 DEBUG POST https://api-m.paypal.com/v1/oauth2/token?grant_type=client_credentials&response_type=client_token&intent=sdk_init&domains[]=localhost
Response Debug ID: 70c1797a74a00
Response: Array
(
    [code] => 401
    [message] => Unauthorized
)

Response Body: {"error":"invalid_domain","error_description":"Domain format not valid"}

2024-10-17T03:50:40+00:00 ERROR [Error] Unknown error while connecting to PayPal. Status code: 0.
2024-10-17T03:50:41+00:00 DEBUG POST https://api-m.paypal.com/v1/oauth2/token?grant_type=client_credentials&response_type=client_token&intent=sdk_init&domains[]=localhost
Response Debug ID: 3fc102e571675
Response: Array
(
    [code] => 401
    [message] => Unauthorized
)

Response Body: {"error":"invalid_domain","error_description":"Domain format not valid"}

2024-10-17T03:50:41+00:00 ERROR [Error] Unknown error while connecting to PayPal. Status code: 0.
2024-10-17T03:50:41+00:00 DEBUG POST https://api-m.paypal.com/v1/oauth2/token?grant_type=client_credentials&response_type=client_token&intent=sdk_init&domains[]=localhost
Response Debug ID: 3b9622441d226
Response: Array
(
    [code] => 401
    [message] => Unauthorized
)

Response Body: {"error":"invalid_domain","error_description":"Domain format not valid"}

2024-10-17T03:50:41+00:00 ERROR [Error] Unknown error while connecting to PayPal. Status code: 0.
2024-10-17T03:50:42+00:00 DEBUG POST https://api-m.paypal.com/v1/oauth2/token?grant_type=client_credentials&response_type=client_token&intent=sdk_init&domains[]=localhost
Response Debug ID: 8e50f6860f42e
Response: Array
(
    [code] => 401
    [message] => Unauthorized
)

Response Body: {"error":"invalid_domain","error_description":"Domain format not valid"}

2024-10-17T03:50:42+00:00 ERROR [Error] Unknown error while connecting to PayPal. Status code: 0.
2024-10-17T03:50:43+00:00 DEBUG POST https://api-m.paypal.com/v1/oauth2/token?grant_type=client_credentials&response_type=client_token&intent=sdk_init&domains[]=localhost
Response Debug ID: 72f7dcef37a6a
Response: Array
(
    [code] => 401
    [message] => Unauthorized
)

Response Body: {"error":"invalid_domain","error_description":"Domain format not valid"}

2024-10-17T03:50:43+00:00 ERROR [Error] Unknown error while connecting to PayPal. Status code: 0.
2024-10-17T03:50:43+00:00 DEBUG POST https://api-m.paypal.com/v1/oauth2/token?grant_type=client_credentials&response_type=client_token&intent=sdk_init&domains[]=localhost
Response Debug ID: 622dd51e5166c
Response: Array
(
    [code] => 401
    [message] => Unauthorized
)

Response Body: {"error":"invalid_domain","error_description":"Domain format not valid"}

2024-10-17T03:50:43+00:00 ERROR [Error] Unknown error while connecting to PayPal. Status code: 0.
2024-10-17T03:52:33+00:00 DEBUG POST https://api-m.paypal.com/v1/oauth2/token?grant_type=client_credentials&response_type=client_token&intent=sdk_init&domains[]=localhost
Response Debug ID: 4992730bdf68f
Response: Array
(
    [code] => 401
    [message] => Unauthorized
)

Response Body: {"error":"invalid_domain","error_description":"Domain format not valid"}

2024-10-17T03:52:33+00:00 ERROR [Error] Unknown error while connecting to PayPal. Status code: 0.
2024-10-17T03:52:34+00:00 DEBUG POST https://api-m.paypal.com/v1/oauth2/token?grant_type=client_credentials&response_type=client_token&intent=sdk_init&domains[]=localhost
Response Debug ID: 4b1dde01431ec
Response: Array
(
    [code] => 401
    [message] => Unauthorized
)

Response Body: {"error":"invalid_domain","error_description":"Domain format not valid"}

2024-10-17T03:52:34+00:00 ERROR [Error] Unknown error while connecting to PayPal. Status code: 0.
2024-10-17T03:52:34+00:00 DEBUG POST https://api-m.paypal.com/v1/oauth2/token?grant_type=client_credentials&response_type=client_token&intent=sdk_init&domains[]=localhost
Response Debug ID: 2e1395f46ce74
Response: Array
(
    [code] => 401
    [message] => Unauthorized
)

Response Body: {"error":"invalid_domain","error_description":"Domain format not valid"}

2024-10-17T03:52:34+00:00 ERROR [Error] Unknown error while connecting to PayPal. Status code: 0.
2024-10-17T03:52:35+00:00 DEBUG POST https://api-m.paypal.com/v1/oauth2/token?grant_type=client_credentials&response_type=client_token&intent=sdk_init&domains[]=localhost
Response Debug ID: 6b2164f2ff3c3
Response: Array
(
    [code] => 401
    [message] => Unauthorized
)

Response Body: {"error":"invalid_domain","error_description":"Domain format not valid"}

2024-10-17T03:52:35+00:00 ERROR [Error] Unknown error while connecting to PayPal. Status code: 0.
2024-10-17T03:52:35+00:00 DEBUG POST https://api-m.paypal.com/v1/oauth2/token?grant_type=client_credentials&response_type=client_token&intent=sdk_init&domains[]=localhost
Response Debug ID: 86bb225853cfd
Response: Array
(
    [code] => 401
    [message] => Unauthorized
)

Response Body: {"error":"invalid_domain","error_description":"Domain format not valid"}

2024-10-17T03:52:35+00:00 ERROR [Error] Unknown error while connecting to PayPal. Status code: 0.
2024-10-17T03:52:36+00:00 DEBUG POST https://api-m.paypal.com/v1/oauth2/token?grant_type=client_credentials&response_type=client_token&intent=sdk_init&domains[]=localhost
Response Debug ID: b36f81cb9a917
Response: Array
(
    [code] => 401
    [message] => Unauthorized
)

Response Body: {"error":"invalid_domain","error_description":"Domain format not valid"}

2024-10-17T03:52:36+00:00 ERROR [Error] Unknown error while connecting to PayPal. Status code: 0.
2024-10-17T03:57:15+00:00 ERROR Cart simulation failed: Could not validate nonce.
2024-10-17T03:57:20+00:00 ERROR Cart simulation failed: Could not validate nonce.
